c:\users\ieuser\source\repos\atm_machine\atm_machine_source\debug\atm_machine_source.pch
c:\users\ieuser\source\repos\atm_machine\atm_machine_source\debug\vc141.pdb
c:\users\ieuser\source\repos\atm_machine\atm_machine_source\debug\vc141.idb
c:\users\ieuser\source\repos\atm_machine\atm_machine_source\debug\stdafx.obj
c:\users\ieuser\source\repos\atm_machine\atm_machine_source\debug\accountmodule.obj
c:\users\ieuser\source\repos\atm_machine\atm_machine_source\debug\accountoverviewview.obj
c:\users\ieuser\source\repos\atm_machine\atm_machine_source\debug\accounttypeselectview.obj
c:\users\ieuser\source\repos\atm_machine\atm_machine_source\debug\atm_machine_source.obj
c:\users\ieuser\source\repos\atm_machine\atm_machine_source\debug\controller.obj
c:\users\ieuser\source\repos\atm_machine\atm_machine_source\debug\createusernameview.obj
c:\users\ieuser\source\repos\atm_machine\atm_machine_source\debug\displaymesageview.obj
c:\users\ieuser\source\repos\atm_machine\atm_machine_source\debug\helper_write_loginstruct.obj
c:\users\ieuser\source\repos\atm_machine\atm_machine_source\debug\homemenulistview.obj
c:\users\ieuser\source\repos\atm_machine\atm_machine_source\debug\homemodule.obj
c:\users\ieuser\source\repos\atm_machine\atm_machine_source\debug\inputview.obj
c:\users\ieuser\source\repos\atm_machine\atm_machine_source\debug\loginmodule.obj
c:\users\ieuser\source\repos\atm_machine\atm_machine_source\debug\loginview.obj
c:\users\ieuser\source\repos\atm_machine\atm_machine_source\debug\menulistview.obj
c:\users\ieuser\source\repos\atm_machine\atm_machine_source\debug\menuview.obj
c:\users\ieuser\source\repos\atm_machine\atm_machine_source\debug\module.obj
c:\users\ieuser\source\repos\atm_machine\atm_machine_source\debug\newaccountmodule.obj
c:\users\ieuser\source\repos\atm_machine\atm_machine_source\debug\pininputview.obj
c:\users\ieuser\source\repos\atm_machine\atm_machine_source\debug\usercreationmodule.obj
c:\users\ieuser\source\repos\atm_machine\atm_machine_source\debug\view.obj
c:\users\ieuser\source\repos\atm_machine\atm_machine_source\debug\accountdetailview.obj
c:\users\ieuser\source\repos\atm_machine\atm_machine_source\debug\numberformatter.obj
c:\users\ieuser\source\repos\atm_machine\atm_machine_source\debug\depositview.obj
c:\users\ieuser\source\repos\atm_machine\atm_machine_source\debug\loginstructfilewriter.obj
c:\users\ieuser\source\repos\atm_machine\atm_machine_source\debug\loginmodule.obj.enc
c:\users\ieuser\source\repos\atm_machine\atm_machine_source\debug\atm_machine_source.pdb
c:\users\ieuser\source\repos\atm_machine\atm_machine_source\debug\atm_mach.052f2ac2.tlog\cl.command.1.tlog
c:\users\ieuser\source\repos\atm_machine\atm_machine_source\debug\atm_mach.052f2ac2.tlog\cl.read.1.tlog
c:\users\ieuser\source\repos\atm_machine\atm_machine_source\debug\atm_mach.052f2ac2.tlog\cl.write.1.tlog
c:\users\ieuser\source\repos\atm_machine\atm_machine_source\debug\atm_mach.052f2ac2.tlog\link-cvtres.read.1.tlog
c:\users\ieuser\source\repos\atm_machine\atm_machine_source\debug\atm_mach.052f2ac2.tlog\link-cvtres.write.1.tlog
c:\users\ieuser\source\repos\atm_machine\atm_machine_source\debug\atm_mach.052f2ac2.tlog\link-rc.read.1.tlog
c:\users\ieuser\source\repos\atm_machine\atm_machine_source\debug\atm_mach.052f2ac2.tlog\link-rc.write.1.tlog
c:\users\ieuser\source\repos\atm_machine\atm_machine_source\debug\atm_mach.052f2ac2.tlog\link.8436-cvtres.read.1.tlog
c:\users\ieuser\source\repos\atm_machine\atm_machine_source\debug\atm_mach.052f2ac2.tlog\link.8436-cvtres.write.1.tlog
c:\users\ieuser\source\repos\atm_machine\atm_machine_source\debug\atm_mach.052f2ac2.tlog\link.8436-rc.read.1.tlog
c:\users\ieuser\source\repos\atm_machine\atm_machine_source\debug\atm_mach.052f2ac2.tlog\link.8436-rc.write.1.tlog
c:\users\ieuser\source\repos\atm_machine\atm_machine_source\debug\atm_mach.052f2ac2.tlog\link.8436.read.1.tlog
c:\users\ieuser\source\repos\atm_machine\atm_machine_source\debug\atm_mach.052f2ac2.tlog\link.8436.write.1.tlog
c:\users\ieuser\source\repos\atm_machine\atm_machine_source\debug\atm_mach.052f2ac2.tlog\link.command.1.tlog
c:\users\ieuser\source\repos\atm_machine\atm_machine_source\debug\atm_mach.052f2ac2.tlog\link.read.1.tlog
c:\users\ieuser\source\repos\atm_machine\atm_machine_source\debug\atm_mach.052f2ac2.tlog\link.write.1.tlog
