  stdafx.cpp
  View.cpp
  UserCreationModule.cpp
  PINInputView.cpp
  NumberFormatter.cpp
  NewAccountModule.cpp
  Module.cpp
  MenuView.cpp
  MenuListView.cpp
  LoginView.cpp
  LoginModule.cpp
  InputView.cpp
  HomeModule.cpp
  HomeMenuListView.cpp
  helper_write_loginstruct.cpp
  DisplayMesageView.cpp
  CreateUsernameView.cpp
  Controller.cpp
  atm_machine_source.cpp
  AccountTypeSelectView.cpp
  AccountOverviewView.cpp
  Generating Code...
  Compiling...
  AccountModule.cpp
  AccountDetailView.cpp
  Generating Code...
  atm_machine_source.vcxproj -> C:\Users\IEUser\Desktop\atm_machine_source\Debug\atm_machine_source.exe
